INFO - 11/18/24 17:01:01 - 0:00:00 - ============ Initialized logger ============
INFO - 11/18/24 17:01:01 - 0:00:00 - batch_size: 32
                                     command: python fc_loop.py --exp_id "9k301vgogz"
                                     cpu: False
                                     debug: False
                                     debug_slurm: False
                                     dump_path: checkpoint\debug\9k301vgogz
                                     exp_id: 9k301vgogz
                                     exp_name: debug
                                     final_database_size: 50000
                                     gen_batch_size: 1000
                                     global_rank: 0
                                     is_master: True
                                     is_slurm_job: False
                                     learning_rate: 0.0005
                                     local_rank: 0
                                     master_port: -1
                                     max_epochs: 30000
                                     max_output_length: 160
                                     max_steps: 20000
                                     multi_gpu: False
                                     multi_node: False
                                     n_embd: 64
                                     n_embd2: 32
                                     n_gpu_per_node: 1
                                     n_head: 8
                                     n_layer: 4
                                     n_nodes: 1
                                     n_tokens: 100
                                     nb_local_searches: 1200
                                     nb_threads: 1
                                     node_id: 0
                                     num_initial_empty_objects: 500000
                                     num_workers: 8
                                     sample_only: 500000
                                     seed: -1
                                     target_db_size: 500000
                                     temperature: 1.0
                                     top_k: -1
                                     type: transformer
                                     weight_decay: 0.01
                                     world_size: 1
INFO - 11/18/24 17:01:01 - 0:00:00 - The experiment will be stored in checkpoint\debug\9k301vgogz
                                     
INFO - 11/18/24 17:01:01 - 0:00:00 - Running command: python fc_loop.py

INFO - 11/18/24 17:01:01 - 0:00:00 - seed: 447864874
INFO - 11/18/24 17:01:01 - 0:00:00 - JULIA_NUM_THREADS is set to 1
